#! /c/Source/iverilog-install/bin/vvp
:ivl_version "12.0 (devel)" "(s20150603-1110-g18392a46)";
:ivl_delay_selection "TYPICAL";
:vpi_time_precision + 0;
:vpi_module "C:\iverilog\lib\ivl\system.vpi";
:vpi_module "C:\iverilog\lib\ivl\vhdl_sys.vpi";
:vpi_module "C:\iverilog\lib\ivl\vhdl_textio.vpi";
:vpi_module "C:\iverilog\lib\ivl\v2005_math.vpi";
:vpi_module "C:\iverilog\lib\ivl\va_math.vpi";
S_00000225e352e760 .scope module, "full_adder" "full_adder" 2 1;
 .timescale 0 0;
    .port_info 0 /INPUT 1 "a";
    .port_info 1 /INPUT 1 "b";
    .port_info 2 /INPUT 1 "c";
    .port_info 3 /OUTPUT 1 "sum";
    .port_info 4 /OUTPUT 1 "count";
o00000225e3744198 .functor BUFZ 1, C4<z>; HiZ drive
o00000225e37441c8 .functor BUFZ 1, C4<z>; HiZ drive
L_00000225e373b1e0 .functor XOR 1, o00000225e3744198, o00000225e37441c8, C4<0>, C4<0>;
o00000225e37441f8 .functor BUFZ 1, C4<z>; HiZ drive
L_00000225e373b560 .functor XOR 1, L_00000225e373b1e0, o00000225e37441f8, C4<0>, C4<0>;
L_00000225e373b410 .functor AND 1, L_00000225e373b1e0, o00000225e37441f8, C4<1>, C4<1>;
L_00000225e373b020 .functor AND 1, o00000225e3744198, o00000225e37441c8, C4<1>, C4<1>;
L_00000225e373ae60 .functor OR 1, L_00000225e373b410, L_00000225e373b020, C4<0>, C4<0>;
v00000225e3738dc0_0 .net "a", 0 0, o00000225e3744198;  0 drivers
v00000225e3739f40_0 .net "b", 0 0, o00000225e37441c8;  0 drivers
v00000225e3738820_0 .net "c", 0 0, o00000225e37441f8;  0 drivers
o00000225e3744228 .functor BUFZ 1, C4<z>; HiZ drive
v00000225e3738780_0 .net "count", 0 0, o00000225e3744228;  0 drivers
v00000225e3739680_0 .net "cout", 0 0, L_00000225e373ae60;  1 drivers
v00000225e3739ae0_0 .net "sum", 0 0, L_00000225e373b560;  1 drivers
v00000225e3738aa0_0 .net "t1", 0 0, L_00000225e373b1e0;  1 drivers
v00000225e3739360_0 .net "t2", 0 0, L_00000225e373b020;  1 drivers
v00000225e3739b80_0 .net "t3", 0 0, L_00000225e373b410;  1 drivers
S_00000225e352e8f0 .scope module, "testbench" "testbench" 2 54;
 .timescale 0 0;
o00000225e37465f8 .functor BUFZ 1, C4<z>; HiZ drive
v00000225e37a3d50_0 .net "c_in", 0 0, o00000225e37465f8;  0 drivers
o00000225e3746628 .functor BUFZ 1, C4<z>; HiZ drive
v00000225e37a4110_0 .net "c_out", 0 0, o00000225e3746628;  0 drivers
v00000225e37a2f90_0 .net "sum", 15 0, L_00000225e37ad6d0;  1 drivers
v00000225e37a3030_0 .var "x", 15 0;
v00000225e37a3350_0 .var "y", 15 0;
S_00000225e352ea80 .scope module, "b1" "gen_block" 2 61, 2 17 0, S_00000225e352e8f0;
 .timescale 0 0;
    .port_info 0 /INPUT 16 "a";
    .port_info 1 /INPUT 16 "b";
    .port_info 2 /INPUT 1 "c_in";
    .port_info 3 /OUTPUT 16 "sum";
    .port_info 4 /OUTPUT 1 "c_out";
P_00000225e373c240 .param/l "N" 0 2 19, +C4<00000000000000000000000000010000>;
L_00000225e37afe90 .functor BUFZ 1, o00000225e37465f8, C4<0>, C4<0>, C4<0>;
L_00000225e37b0590 .functor BUFZ 1, o00000225e3746628, C4<0>, C4<0>, C4<0>;
v00000225e37a08d0_0 .net *"_ivl_102", 0 0, L_00000225e37a9220;  1 drivers
v00000225e379f930_0 .net *"_ivl_108", 0 0, L_00000225e37a94c0;  1 drivers
v00000225e37a00b0_0 .net *"_ivl_112", 0 0, L_00000225e37a98b0;  1 drivers
v00000225e37a0150_0 .net *"_ivl_118", 0 0, L_00000225e37b0980;  1 drivers
v00000225e37a0290_0 .net *"_ivl_12", 0 0, L_00000225e373b090;  1 drivers
v00000225e37a32b0_0 .net *"_ivl_122", 0 0, L_00000225e37b07c0;  1 drivers
v00000225e37a29f0_0 .net *"_ivl_128", 0 0, L_00000225e37b0830;  1 drivers
v00000225e37a3df0_0 .net *"_ivl_132", 0 0, L_00000225e37afbf0;  1 drivers
v00000225e37a3e90_0 .net *"_ivl_138", 0 0, L_00000225e37b0050;  1 drivers
v00000225e37a3a30_0 .net *"_ivl_142", 0 0, L_00000225e37b0360;  1 drivers
v00000225e37a3cb0_0 .net *"_ivl_148", 0 0, L_00000225e37afcd0;  1 drivers
v00000225e37a2db0_0 .net *"_ivl_152", 0 0, L_00000225e37b03d0;  1 drivers
v00000225e37a3670_0 .net *"_ivl_159", 0 0, L_00000225e37b0ad0;  1 drivers
v00000225e37a3f30_0 .net *"_ivl_165", 0 0, L_00000225e37afe90;  1 drivers
v00000225e37a4250_0 .net *"_ivl_169", 0 0, L_00000225e37b0590;  1 drivers
v00000225e37a3710_0 .net *"_ivl_18", 0 0, L_00000225e373aca0;  1 drivers
v00000225e37a2c70_0 .net *"_ivl_2", 0 0, L_00000225e373b250;  1 drivers
v00000225e37a24f0_0 .net *"_ivl_22", 0 0, L_00000225e373a840;  1 drivers
v00000225e37a3b70_0 .net *"_ivl_28", 0 0, L_00000225e373aae0;  1 drivers
v00000225e37a2590_0 .net *"_ivl_32", 0 0, L_00000225e373abc0;  1 drivers
v00000225e37a2450_0 .net *"_ivl_38", 0 0, L_00000225e373ad80;  1 drivers
v00000225e37a33f0_0 .net *"_ivl_42", 0 0, L_00000225e373afb0;  1 drivers
v00000225e37a3210_0 .net *"_ivl_48", 0 0, L_00000225e37a8f10;  1 drivers
v00000225e37a2e50_0 .net *"_ivl_52", 0 0, L_00000225e37a8ce0;  1 drivers
v00000225e37a2630_0 .net *"_ivl_58", 0 0, L_00000225e37a8ab0;  1 drivers
v00000225e37a26d0_0 .net *"_ivl_62", 0 0, L_00000225e37a8c00;  1 drivers
v00000225e37a3ad0_0 .net *"_ivl_68", 0 0, L_00000225e37a8b90;  1 drivers
v00000225e37a2a90_0 .net *"_ivl_72", 0 0, L_00000225e37a91b0;  1 drivers
v00000225e37a37b0_0 .net *"_ivl_78", 0 0, L_00000225e37a9140;  1 drivers
v00000225e37a2bd0_0 .net *"_ivl_8", 0 0, L_00000225e373aa70;  1 drivers
v00000225e37a3850_0 .net *"_ivl_82", 0 0, L_00000225e37a96f0;  1 drivers
v00000225e37a2ef0_0 .net *"_ivl_88", 0 0, L_00000225e37a8f80;  1 drivers
v00000225e37a2b30_0 .net *"_ivl_92", 0 0, L_00000225e37a8ea0;  1 drivers
v00000225e37a2d10_0 .net *"_ivl_98", 0 0, L_00000225e37a9060;  1 drivers
v00000225e37a3c10_0 .net "a", 15 0, v00000225e37a3030_0;  1 drivers
v00000225e37a38f0_0 .net "b", 15 0, v00000225e37a3350_0;  1 drivers
v00000225e37a3990_0 .net "c_in", 0 0, o00000225e37465f8;  alias, 0 drivers
v00000225e37a2770_0 .net "c_out", 0 0, o00000225e3746628;  alias, 0 drivers
RS_00000225e3746658 .resolv tri, L_00000225e37acf50, L_00000225e37ac2d0;
v00000225e37a2810_0 .net8 "carry", 16 0, RS_00000225e3746658;  2 drivers
v00000225e37a3fd0_0 .net "sum", 15 0, L_00000225e37ad6d0;  alias, 1 drivers
L_00000225e37a42f0 .part v00000225e37a3030_0, 0, 1;
L_00000225e37a41b0 .part v00000225e37a3350_0, 0, 1;
L_00000225e37a35d0 .part RS_00000225e3746658, 0, 1;
L_00000225e37a28b0 .part RS_00000225e3746658, 0, 1;
L_00000225e37a2950 .part v00000225e37a3030_0, 0, 1;
L_00000225e37a30d0 .part v00000225e37a3350_0, 0, 1;
L_00000225e37a3170 .part v00000225e37a3030_0, 1, 1;
L_00000225e37a3490 .part v00000225e37a3350_0, 1, 1;
L_00000225e37a4070 .part RS_00000225e3746658, 1, 1;
L_00000225e37a3530 .part RS_00000225e3746658, 1, 1;
L_00000225e37a5c90 .part v00000225e37a3030_0, 1, 1;
L_00000225e37a58d0 .part v00000225e37a3350_0, 1, 1;
L_00000225e37a6730 .part v00000225e37a3030_0, 2, 1;
L_00000225e37a6050 .part v00000225e37a3350_0, 2, 1;
L_00000225e37a67d0 .part RS_00000225e3746658, 2, 1;
L_00000225e37a6b90 .part RS_00000225e3746658, 2, 1;
L_00000225e37a6190 .part v00000225e37a3030_0, 2, 1;
L_00000225e37a6d70 .part v00000225e37a3350_0, 2, 1;
L_00000225e37a7590 .part v00000225e37a3030_0, 3, 1;
L_00000225e37a69b0 .part v00000225e37a3350_0, 3, 1;
L_00000225e37a7310 .part RS_00000225e3746658, 3, 1;
L_00000225e37a5790 .part RS_00000225e3746658, 3, 1;
L_00000225e37a5d30 .part v00000225e37a3030_0, 3, 1;
L_00000225e37a5ab0 .part v00000225e37a3350_0, 3, 1;
L_00000225e37a6870 .part v00000225e37a3030_0, 4, 1;
L_00000225e37a62d0 .part v00000225e37a3350_0, 4, 1;
L_00000225e37a6a50 .part RS_00000225e3746658, 4, 1;
L_00000225e37a6c30 .part RS_00000225e3746658, 4, 1;
L_00000225e37a7630 .part v00000225e37a3030_0, 4, 1;
L_00000225e37a73b0 .part v00000225e37a3350_0, 4, 1;
L_00000225e37a6370 .part v00000225e37a3030_0, 5, 1;
L_00000225e37a5dd0 .part v00000225e37a3350_0, 5, 1;
L_00000225e37a5f10 .part RS_00000225e3746658, 5, 1;
L_00000225e37a6af0 .part RS_00000225e3746658, 5, 1;
L_00000225e37a5e70 .part v00000225e37a3030_0, 5, 1;
L_00000225e37a7090 .part v00000225e37a3350_0, 5, 1;
L_00000225e37a6e10 .part v00000225e37a3030_0, 6, 1;
L_00000225e37a7130 .part v00000225e37a3350_0, 6, 1;
L_00000225e37a6ff0 .part RS_00000225e3746658, 6, 1;
L_00000225e37a71d0 .part RS_00000225e3746658, 6, 1;
L_00000225e37a6eb0 .part v00000225e37a3030_0, 6, 1;
L_00000225e37a6cd0 .part v00000225e37a3350_0, 6, 1;
L_00000225e37a6f50 .part v00000225e37a3030_0, 7, 1;
L_00000225e37a6230 .part v00000225e37a3350_0, 7, 1;
L_00000225e37a7270 .part RS_00000225e3746658, 7, 1;
L_00000225e37a5970 .part RS_00000225e3746658, 7, 1;
L_00000225e37a7450 .part v00000225e37a3030_0, 7, 1;
L_00000225e37a74f0 .part v00000225e37a3350_0, 7, 1;
L_00000225e37a5830 .part v00000225e37a3030_0, 8, 1;
L_00000225e37a5a10 .part v00000225e37a3350_0, 8, 1;
L_00000225e37a60f0 .part RS_00000225e3746658, 8, 1;
L_00000225e37a5b50 .part RS_00000225e3746658, 8, 1;
L_00000225e37a65f0 .part v00000225e37a3030_0, 8, 1;
L_00000225e37a6910 .part v00000225e37a3350_0, 8, 1;
L_00000225e37a5bf0 .part v00000225e37a3030_0, 9, 1;
L_00000225e37a5fb0 .part v00000225e37a3350_0, 9, 1;
L_00000225e37a6410 .part RS_00000225e3746658, 9, 1;
L_00000225e37a64b0 .part RS_00000225e3746658, 9, 1;
L_00000225e37a6550 .part v00000225e37a3030_0, 9, 1;
L_00000225e37a6690 .part v00000225e37a3350_0, 9, 1;
L_00000225e37ab5b0 .part v00000225e37a3030_0, 10, 1;
L_00000225e37abb50 .part v00000225e37a3350_0, 10, 1;
L_00000225e37abbf0 .part RS_00000225e3746658, 10, 1;
L_00000225e37adbd0 .part RS_00000225e3746658, 10, 1;
L_00000225e37ac9b0 .part v00000225e37a3030_0, 10, 1;
L_00000225e37adb30 .part v00000225e37a3350_0, 10, 1;
L_00000225e37ac4b0 .part v00000225e37a3030_0, 11, 1;
L_00000225e37abc90 .part v00000225e37a3350_0, 11, 1;
L_00000225e37acd70 .part RS_00000225e3746658, 11, 1;
L_00000225e37aca50 .part RS_00000225e3746658, 11, 1;
L_00000225e37ad450 .part v00000225e37a3030_0, 11, 1;
L_00000225e37accd0 .part v00000225e37a3350_0, 11, 1;
L_00000225e37ab650 .part v00000225e37a3030_0, 12, 1;
L_00000225e37ac550 .part v00000225e37a3350_0, 12, 1;
L_00000225e37abe70 .part RS_00000225e3746658, 12, 1;
L_00000225e37ad1d0 .part RS_00000225e3746658, 12, 1;
L_00000225e37abd30 .part v00000225e37a3030_0, 12, 1;
L_00000225e37abdd0 .part v00000225e37a3350_0, 12, 1;
L_00000225e37aba10 .part v00000225e37a3030_0, 13, 1;
L_00000225e37ad310 .part v00000225e37a3350_0, 13, 1;
L_00000225e37acb90 .part RS_00000225e3746658, 13, 1;
L_00000225e37ace10 .part RS_00000225e3746658, 13, 1;
L_00000225e37abf10 .part v00000225e37a3030_0, 13, 1;
L_00000225e37ab6f0 .part v00000225e37a3350_0, 13, 1;
L_00000225e37aceb0 .part v00000225e37a3030_0, 14, 1;
L_00000225e37abfb0 .part v00000225e37a3350_0, 14, 1;
L_00000225e37ac7d0 .part RS_00000225e3746658, 14, 1;
L_00000225e37ac230 .part RS_00000225e3746658, 14, 1;
L_00000225e37ab830 .part v00000225e37a3030_0, 14, 1;
L_00000225e37acaf0 .part v00000225e37a3350_0, 14, 1;
L_00000225e37ac410 .part v00000225e37a3030_0, 15, 1;
L_00000225e37ac050 .part v00000225e37a3350_0, 15, 1;
LS_00000225e37ad6d0_0_0 .concat8 [ 1 1 1 1], L_00000225e373b250, L_00000225e373b090, L_00000225e373a840, L_00000225e373abc0;
LS_00000225e37ad6d0_0_4 .concat8 [ 1 1 1 1], L_00000225e373afb0, L_00000225e37a8ce0, L_00000225e37a8c00, L_00000225e37a91b0;
LS_00000225e37ad6d0_0_8 .concat8 [ 1 1 1 1], L_00000225e37a96f0, L_00000225e37a8ea0, L_00000225e37a9220, L_00000225e37a98b0;
LS_00000225e37ad6d0_0_12 .concat8 [ 1 1 1 1], L_00000225e37b07c0, L_00000225e37afbf0, L_00000225e37b0360, L_00000225e37b03d0;
L_00000225e37ad6d0 .concat8 [ 4 4 4 4], LS_00000225e37ad6d0_0_0, LS_00000225e37ad6d0_0_4, LS_00000225e37ad6d0_0_8, LS_00000225e37ad6d0_0_12;
L_00000225e37acc30 .part RS_00000225e3746658, 15, 1;
L_00000225e37ac0f0 .part RS_00000225e3746658, 15, 1;
L_00000225e37ac190 .part v00000225e37a3030_0, 15, 1;
L_00000225e37ac730 .part v00000225e37a3350_0, 15, 1;
LS_00000225e37acf50_0_0 .concat8 [ 1 1 1 1], L_00000225e37afe90, L_00000225e373aa70, L_00000225e373aca0, L_00000225e373aae0;
LS_00000225e37acf50_0_4 .concat8 [ 1 1 1 1], L_00000225e373ad80, L_00000225e37a8f10, L_00000225e37a8ab0, L_00000225e37a8b90;
LS_00000225e37acf50_0_8 .concat8 [ 1 1 1 1], L_00000225e37a9140, L_00000225e37a8f80, L_00000225e37a9060, L_00000225e37a94c0;
LS_00000225e37acf50_0_12 .concat8 [ 1 1 1 1], L_00000225e37b0980, L_00000225e37b0830, L_00000225e37b0050, L_00000225e37afcd0;
LS_00000225e37acf50_0_16 .concat8 [ 1 0 0 0], L_00000225e37b0ad0;
LS_00000225e37acf50_1_0 .concat8 [ 4 4 4 4], LS_00000225e37acf50_0_0, LS_00000225e37acf50_0_4, LS_00000225e37acf50_0_8, LS_00000225e37acf50_0_12;
LS_00000225e37acf50_1_4 .concat8 [ 1 0 0 0], LS_00000225e37acf50_0_16;
L_00000225e37acf50 .concat8 [ 16 1 0 0], LS_00000225e37acf50_1_0, LS_00000225e37acf50_1_4;
L_00000225e37ac2d0 .part/pv L_00000225e37b0590, 16, 1, 17;
S_00000225e3526b50 .scope generate, "genblk1[0]" "genblk1[0]" 2 35, 2 35 0, S_00000225e352ea80;
 .timescale 0 0;
P_00000225e373c580 .param/l "i" 0 2 35, +C4<00>;
L_00000225e373b480 .functor XOR 1, L_00000225e37a42f0, L_00000225e37a41b0, C4<0>, C4<0>;
L_00000225e373b250 .functor XOR 1, L_00000225e373b480, L_00000225e37a35d0, C4<0>, C4<0>;
L_00000225e373aed0 .functor AND 1, L_00000225e373b480, L_00000225e37a28b0, C4<1>, C4<1>;
L_00000225e373a760 .functor AND 1, L_00000225e37a2950, L_00000225e37a30d0, C4<1>, C4<1>;
L_00000225e373aa70 .functor OR 1, L_00000225e373aed0, L_00000225e373a760, C4<0>, C4<0>;
v00000225e3739900_0 .net *"_ivl_0", 0 0, L_00000225e37a42f0;  1 drivers
v00000225e3739860_0 .net *"_ivl_1", 0 0, L_00000225e37a41b0;  1 drivers
v00000225e3738960_0 .net *"_ivl_2", 0 0, L_00000225e37a35d0;  1 drivers
v00000225e373a440_0 .net *"_ivl_3", 0 0, L_00000225e37a28b0;  1 drivers
v00000225e3739400_0 .net *"_ivl_4", 0 0, L_00000225e37a2950;  1 drivers
v00000225e373a3a0_0 .net *"_ivl_5", 0 0, L_00000225e37a30d0;  1 drivers
v00000225e373a4e0_0 .net "t1", 0 0, L_00000225e373b480;  1 drivers
v00000225e373a300_0 .net "t2", 0 0, L_00000225e373a760;  1 drivers
v00000225e3739cc0_0 .net "t3", 0 0, L_00000225e373aed0;  1 drivers
S_00000225e3526ce0 .scope generate, "genblk1[1]" "genblk1[1]" 2 35, 2 35 0, S_00000225e352ea80;
 .timescale 0 0;
P_00000225e373c5c0 .param/l "i" 0 2 35, +C4<01>;
L_00000225e373a6f0 .functor XOR 1, L_00000225e37a3170, L_00000225e37a3490, C4<0>, C4<0>;
L_00000225e373b090 .functor XOR 1, L_00000225e373a6f0, L_00000225e37a4070, C4<0>, C4<0>;
L_00000225e373a7d0 .functor AND 1, L_00000225e373a6f0, L_00000225e37a3530, C4<1>, C4<1>;
L_00000225e373b4f0 .functor AND 1, L_00000225e37a5c90, L_00000225e37a58d0, C4<1>, C4<1>;
L_00000225e373aca0 .functor OR 1, L_00000225e373a7d0, L_00000225e373b4f0, C4<0>, C4<0>;
v00000225e3738a00_0 .net *"_ivl_0", 0 0, L_00000225e37a3170;  1 drivers
v00000225e3739e00_0 .net *"_ivl_1", 0 0, L_00000225e37a3490;  1 drivers
v00000225e3738be0_0 .net *"_ivl_2", 0 0, L_00000225e37a4070;  1 drivers
v00000225e3738c80_0 .net *"_ivl_3", 0 0, L_00000225e37a3530;  1 drivers
v00000225e3738d20_0 .net *"_ivl_4", 0 0, L_00000225e37a5c90;  1 drivers
v00000225e3738e60_0 .net *"_ivl_5", 0 0, L_00000225e37a58d0;  1 drivers
v00000225e37394a0_0 .net "t1", 0 0, L_00000225e373a6f0;  1 drivers
v00000225e37395e0_0 .net "t2", 0 0, L_00000225e373b4f0;  1 drivers
v00000225e3738fa0_0 .net "t3", 0 0, L_00000225e373a7d0;  1 drivers
S_00000225e3526e70 .scope generate, "genblk1[2]" "genblk1[2]" 2 35, 2 35 0, S_00000225e352ea80;
 .timescale 0 0;
P_00000225e373c080 .param/l "i" 0 2 35, +C4<010>;
L_00000225e373aa00 .functor XOR 1, L_00000225e37a6730, L_00000225e37a6050, C4<0>, C4<0>;
L_00000225e373a840 .functor XOR 1, L_00000225e373aa00, L_00000225e37a67d0, C4<0>, C4<0>;
L_00000225e373a920 .functor AND 1, L_00000225e373aa00, L_00000225e37a6b90, C4<1>, C4<1>;
L_00000225e373a990 .functor AND 1, L_00000225e37a6190, L_00000225e37a6d70, C4<1>, C4<1>;
L_00000225e373aae0 .functor OR 1, L_00000225e373a920, L_00000225e373a990, C4<0>, C4<0>;
v00000225e3739040_0 .net *"_ivl_0", 0 0, L_00000225e37a6730;  1 drivers
v00000225e3739720_0 .net *"_ivl_1", 0 0, L_00000225e37a6050;  1 drivers
v00000225e37399a0_0 .net *"_ivl_2", 0 0, L_00000225e37a67d0;  1 drivers
v00000225e3739a40_0 .net *"_ivl_3", 0 0, L_00000225e37a6b90;  1 drivers
v00000225e3722100_0 .net *"_ivl_4", 0 0, L_00000225e37a6190;  1 drivers
v00000225e3721020_0 .net *"_ivl_5", 0 0, L_00000225e37a6d70;  1 drivers
v00000225e3722380_0 .net "t1", 0 0, L_00000225e373aa00;  1 drivers
v00000225e3721840_0 .net "t2", 0 0, L_00000225e373a990;  1 drivers
v00000225e3721b60_0 .net "t3", 0 0, L_00000225e373a920;  1 drivers
S_00000225e379ba90 .scope generate, "genblk1[3]" "genblk1[3]" 2 35, 2 35 0, S_00000225e352ea80;
 .timescale 0 0;
P_00000225e373b9c0 .param/l "i" 0 2 35, +C4<011>;
L_00000225e373ab50 .functor XOR 1, L_00000225e37a7590, L_00000225e37a69b0, C4<0>, C4<0>;
L_00000225e373abc0 .functor XOR 1, L_00000225e373ab50, L_00000225e37a7310, C4<0>, C4<0>;
L_00000225e373ac30 .functor AND 1, L_00000225e373ab50, L_00000225e37a5790, C4<1>, C4<1>;
L_00000225e373ad10 .functor AND 1, L_00000225e37a5d30, L_00000225e37a5ab0, C4<1>, C4<1>;
L_00000225e373ad80 .functor OR 1, L_00000225e373ac30, L_00000225e373ad10, C4<0>, C4<0>;
v00000225e3721de0_0 .net *"_ivl_0", 0 0, L_00000225e37a7590;  1 drivers
v00000225e3720580_0 .net *"_ivl_1", 0 0, L_00000225e37a69b0;  1 drivers
v00000225e37206c0_0 .net *"_ivl_2", 0 0, L_00000225e37a7310;  1 drivers
v00000225e3728db0_0 .net *"_ivl_3", 0 0, L_00000225e37a5790;  1 drivers
v00000225e3729030_0 .net *"_ivl_4", 0 0, L_00000225e37a5d30;  1 drivers
v00000225e3729ad0_0 .net *"_ivl_5", 0 0, L_00000225e37a5ab0;  1 drivers
v00000225e37292b0_0 .net "t1", 0 0, L_00000225e373ab50;  1 drivers
v00000225e3729350_0 .net "t2", 0 0, L_00000225e373ad10;  1 drivers
v00000225e3729490_0 .net "t3", 0 0, L_00000225e373ac30;  1 drivers
S_00000225e379bc20 .scope generate, "genblk1[4]" "genblk1[4]" 2 35, 2 35 0, S_00000225e352ea80;
 .timescale 0 0;
P_00000225e373ba00 .param/l "i" 0 2 35, +C4<0100>;
L_00000225e373af40 .functor XOR 1, L_00000225e37a6870, L_00000225e37a62d0, C4<0>, C4<0>;
L_00000225e373afb0 .functor XOR 1, L_00000225e373af40, L_00000225e37a6a50, C4<0>, C4<0>;
L_00000225e37a9290 .functor AND 1, L_00000225e373af40, L_00000225e37a6c30, C4<1>, C4<1>;
L_00000225e37a9610 .functor AND 1, L_00000225e37a7630, L_00000225e37a73b0, C4<1>, C4<1>;
L_00000225e37a8f10 .functor OR 1, L_00000225e37a9290, L_00000225e37a9610, C4<0>, C4<0>;
v00000225e3729b70_0 .net *"_ivl_0", 0 0, L_00000225e37a6870;  1 drivers
v00000225e3729fd0_0 .net *"_ivl_1", 0 0, L_00000225e37a62d0;  1 drivers
v00000225e37316a0_0 .net *"_ivl_2", 0 0, L_00000225e37a6a50;  1 drivers
v00000225e3730840_0 .net *"_ivl_3", 0 0, L_00000225e37a6c30;  1 drivers
v00000225e3730a20_0 .net *"_ivl_4", 0 0, L_00000225e37a7630;  1 drivers
v00000225e3731ec0_0 .net *"_ivl_5", 0 0, L_00000225e37a73b0;  1 drivers
v00000225e3731060_0 .net "t1", 0 0, L_00000225e373af40;  1 drivers
v00000225e3731ba0_0 .net "t2", 0 0, L_00000225e37a9610;  1 drivers
v00000225e3731f60_0 .net "t3", 0 0, L_00000225e37a9290;  1 drivers
S_00000225e379bdb0 .scope generate, "genblk1[5]" "genblk1[5]" 2 35, 2 35 0, S_00000225e352ea80;
 .timescale 0 0;
P_00000225e373c200 .param/l "i" 0 2 35, +C4<0101>;
L_00000225e37a89d0 .functor XOR 1, L_00000225e37a6370, L_00000225e37a5dd0, C4<0>, C4<0>;
L_00000225e37a8ce0 .functor XOR 1, L_00000225e37a89d0, L_00000225e37a5f10, C4<0>, C4<0>;
L_00000225e37a9530 .functor AND 1, L_00000225e37a89d0, L_00000225e37a6af0, C4<1>, C4<1>;
L_00000225e37a8a40 .functor AND 1, L_00000225e37a5e70, L_00000225e37a7090, C4<1>, C4<1>;
L_00000225e37a8ab0 .functor OR 1, L_00000225e37a9530, L_00000225e37a8a40, C4<0>, C4<0>;
v00000225e3732000_0 .net *"_ivl_0", 0 0, L_00000225e37a6370;  1 drivers
v00000225e371b3a0_0 .net *"_ivl_1", 0 0, L_00000225e37a5dd0;  1 drivers
v00000225e371ba80_0 .net *"_ivl_2", 0 0, L_00000225e37a5f10;  1 drivers
v00000225e371bf80_0 .net *"_ivl_3", 0 0, L_00000225e37a6af0;  1 drivers
v00000225e379c850_0 .net *"_ivl_4", 0 0, L_00000225e37a5e70;  1 drivers
v00000225e379c490_0 .net *"_ivl_5", 0 0, L_00000225e37a7090;  1 drivers
v00000225e379ccb0_0 .net "t1", 0 0, L_00000225e37a89d0;  1 drivers
v00000225e379c2b0_0 .net "t2", 0 0, L_00000225e37a8a40;  1 drivers
v00000225e379dd90_0 .net "t3", 0 0, L_00000225e37a9530;  1 drivers
S_00000225e379df50 .scope generate, "genblk1[6]" "genblk1[6]" 2 35, 2 35 0, S_00000225e352ea80;
 .timescale 0 0;
P_00000225e373c380 .param/l "i" 0 2 35, +C4<0110>;
L_00000225e37a8b20 .functor XOR 1, L_00000225e37a6e10, L_00000225e37a7130, C4<0>, C4<0>;
L_00000225e37a8c00 .functor XOR 1, L_00000225e37a8b20, L_00000225e37a6ff0, C4<0>, C4<0>;
L_00000225e37a9760 .functor AND 1, L_00000225e37a8b20, L_00000225e37a71d0, C4<1>, C4<1>;
L_00000225e37a9370 .functor AND 1, L_00000225e37a6eb0, L_00000225e37a6cd0, C4<1>, C4<1>;
L_00000225e37a8b90 .functor OR 1, L_00000225e37a9760, L_00000225e37a9370, C4<0>, C4<0>;
v00000225e379d250_0 .net *"_ivl_0", 0 0, L_00000225e37a6e10;  1 drivers
v00000225e379d070_0 .net *"_ivl_1", 0 0, L_00000225e37a7130;  1 drivers
v00000225e379ca30_0 .net *"_ivl_2", 0 0, L_00000225e37a6ff0;  1 drivers
v00000225e379c8f0_0 .net *"_ivl_3", 0 0, L_00000225e37a71d0;  1 drivers
v00000225e379cfd0_0 .net *"_ivl_4", 0 0, L_00000225e37a6eb0;  1 drivers
v00000225e379d610_0 .net *"_ivl_5", 0 0, L_00000225e37a6cd0;  1 drivers
v00000225e379cd50_0 .net "t1", 0 0, L_00000225e37a8b20;  1 drivers
v00000225e379d390_0 .net "t2", 0 0, L_00000225e37a9370;  1 drivers
v00000225e379cf30_0 .net "t3", 0 0, L_00000225e37a9760;  1 drivers
S_00000225e379e0e0 .scope generate, "genblk1[7]" "genblk1[7]" 2 35, 2 35 0, S_00000225e352ea80;
 .timescale 0 0;
P_00000225e373bb40 .param/l "i" 0 2 35, +C4<0111>;
L_00000225e37a8e30 .functor XOR 1, L_00000225e37a6f50, L_00000225e37a6230, C4<0>, C4<0>;
L_00000225e37a91b0 .functor XOR 1, L_00000225e37a8e30, L_00000225e37a7270, C4<0>, C4<0>;
L_00000225e37a8c70 .functor AND 1, L_00000225e37a8e30, L_00000225e37a5970, C4<1>, C4<1>;
L_00000225e37a8d50 .functor AND 1, L_00000225e37a7450, L_00000225e37a74f0, C4<1>, C4<1>;
L_00000225e37a9140 .functor OR 1, L_00000225e37a8c70, L_00000225e37a8d50, C4<0>, C4<0>;
v00000225e379dbb0_0 .net *"_ivl_0", 0 0, L_00000225e37a6f50;  1 drivers
v00000225e379d930_0 .net *"_ivl_1", 0 0, L_00000225e37a6230;  1 drivers
v00000225e379d110_0 .net *"_ivl_2", 0 0, L_00000225e37a7270;  1 drivers
v00000225e379db10_0 .net *"_ivl_3", 0 0, L_00000225e37a5970;  1 drivers
v00000225e379d4d0_0 .net *"_ivl_4", 0 0, L_00000225e37a7450;  1 drivers
v00000225e379c0d0_0 .net *"_ivl_5", 0 0, L_00000225e37a74f0;  1 drivers
v00000225e379d1b0_0 .net "t1", 0 0, L_00000225e37a8e30;  1 drivers
v00000225e379d430_0 .net "t2", 0 0, L_00000225e37a8d50;  1 drivers
v00000225e379cad0_0 .net "t3", 0 0, L_00000225e37a8c70;  1 drivers
S_00000225e379e270 .scope generate, "genblk1[8]" "genblk1[8]" 2 35, 2 35 0, S_00000225e352ea80;
 .timescale 0 0;
P_00000225e373c3c0 .param/l "i" 0 2 35, +C4<01000>;
L_00000225e37a8dc0 .functor XOR 1, L_00000225e37a5830, L_00000225e37a5a10, C4<0>, C4<0>;
L_00000225e37a96f0 .functor XOR 1, L_00000225e37a8dc0, L_00000225e37a60f0, C4<0>, C4<0>;
L_00000225e37a95a0 .functor AND 1, L_00000225e37a8dc0, L_00000225e37a5b50, C4<1>, C4<1>;
L_00000225e37a93e0 .functor AND 1, L_00000225e37a65f0, L_00000225e37a6910, C4<1>, C4<1>;
L_00000225e37a8f80 .functor OR 1, L_00000225e37a95a0, L_00000225e37a93e0, C4<0>, C4<0>;
v00000225e379c670_0 .net *"_ivl_0", 0 0, L_00000225e37a5830;  1 drivers
v00000225e379cdf0_0 .net *"_ivl_1", 0 0, L_00000225e37a5a10;  1 drivers
v00000225e379ce90_0 .net *"_ivl_2", 0 0, L_00000225e37a60f0;  1 drivers
v00000225e379cc10_0 .net *"_ivl_3", 0 0, L_00000225e37a5b50;  1 drivers
v00000225e379c3f0_0 .net *"_ivl_4", 0 0, L_00000225e37a65f0;  1 drivers
v00000225e379de30_0 .net *"_ivl_5", 0 0, L_00000225e37a6910;  1 drivers
v00000225e379d2f0_0 .net "t1", 0 0, L_00000225e37a8dc0;  1 drivers
v00000225e379d570_0 .net "t2", 0 0, L_00000225e37a93e0;  1 drivers
v00000225e379d6b0_0 .net "t3", 0 0, L_00000225e37a95a0;  1 drivers
S_00000225e379e400 .scope generate, "genblk1[9]" "genblk1[9]" 2 35, 2 35 0, S_00000225e352ea80;
 .timescale 0 0;
P_00000225e373be40 .param/l "i" 0 2 35, +C4<01001>;
L_00000225e37a9680 .functor XOR 1, L_00000225e37a5bf0, L_00000225e37a5fb0, C4<0>, C4<0>;
L_00000225e37a8ea0 .functor XOR 1, L_00000225e37a9680, L_00000225e37a6410, C4<0>, C4<0>;
L_00000225e37a8ff0 .functor AND 1, L_00000225e37a9680, L_00000225e37a64b0, C4<1>, C4<1>;
L_00000225e37a9450 .functor AND 1, L_00000225e37a6550, L_00000225e37a6690, C4<1>, C4<1>;
L_00000225e37a9060 .functor OR 1, L_00000225e37a8ff0, L_00000225e37a9450, C4<0>, C4<0>;
v00000225e379d750_0 .net *"_ivl_0", 0 0, L_00000225e37a5bf0;  1 drivers
v00000225e379d9d0_0 .net *"_ivl_1", 0 0, L_00000225e37a5fb0;  1 drivers
v00000225e379d7f0_0 .net *"_ivl_2", 0 0, L_00000225e37a6410;  1 drivers
v00000225e379d890_0 .net *"_ivl_3", 0 0, L_00000225e37a64b0;  1 drivers
v00000225e379da70_0 .net *"_ivl_4", 0 0, L_00000225e37a6550;  1 drivers
v00000225e379c710_0 .net *"_ivl_5", 0 0, L_00000225e37a6690;  1 drivers
v00000225e379c7b0_0 .net "t1", 0 0, L_00000225e37a9680;  1 drivers
v00000225e379dc50_0 .net "t2", 0 0, L_00000225e37a9450;  1 drivers
v00000225e379dcf0_0 .net "t3", 0 0, L_00000225e37a8ff0;  1 drivers
S_00000225e379eda0 .scope generate, "genblk1[10]" "genblk1[10]" 2 35, 2 35 0, S_00000225e352ea80;
 .timescale 0 0;
P_00000225e373c400 .param/l "i" 0 2 35, +C4<01010>;
L_00000225e37a90d0 .functor XOR 1, L_00000225e37ab5b0, L_00000225e37abb50, C4<0>, C4<0>;
L_00000225e37a9220 .functor XOR 1, L_00000225e37a90d0, L_00000225e37abbf0, C4<0>, C4<0>;
L_00000225e37a9300 .functor AND 1, L_00000225e37a90d0, L_00000225e37adbd0, C4<1>, C4<1>;
L_00000225e37a97d0 .functor AND 1, L_00000225e37ac9b0, L_00000225e37adb30, C4<1>, C4<1>;
L_00000225e37a94c0 .functor OR 1, L_00000225e37a9300, L_00000225e37a97d0, C4<0>, C4<0>;
v00000225e379bf90_0 .net *"_ivl_0", 0 0, L_00000225e37ab5b0;  1 drivers
v00000225e379c030_0 .net *"_ivl_1", 0 0, L_00000225e37abb50;  1 drivers
v00000225e379c170_0 .net *"_ivl_2", 0 0, L_00000225e37abbf0;  1 drivers
v00000225e379c210_0 .net *"_ivl_3", 0 0, L_00000225e37adbd0;  1 drivers
v00000225e379c350_0 .net *"_ivl_4", 0 0, L_00000225e37ac9b0;  1 drivers
v00000225e379c530_0 .net *"_ivl_5", 0 0, L_00000225e37adb30;  1 drivers
v00000225e379c5d0_0 .net "t1", 0 0, L_00000225e37a90d0;  1 drivers
v00000225e379c990_0 .net "t2", 0 0, L_00000225e37a97d0;  1 drivers
v00000225e379cb70_0 .net "t3", 0 0, L_00000225e37a9300;  1 drivers
S_00000225e379ef30 .scope generate, "genblk1[11]" "genblk1[11]" 2 35, 2 35 0, S_00000225e352ea80;
 .timescale 0 0;
P_00000225e373be80 .param/l "i" 0 2 35, +C4<01011>;
L_00000225e37a9840 .functor XOR 1, L_00000225e37ac4b0, L_00000225e37abc90, C4<0>, C4<0>;
L_00000225e37a98b0 .functor XOR 1, L_00000225e37a9840, L_00000225e37acd70, C4<0>, C4<0>;
L_00000225e37b06e0 .functor AND 1, L_00000225e37a9840, L_00000225e37aca50, C4<1>, C4<1>;
L_00000225e37b0130 .functor AND 1, L_00000225e37ad450, L_00000225e37accd0, C4<1>, C4<1>;
L_00000225e37b0980 .functor OR 1, L_00000225e37b06e0, L_00000225e37b0130, C4<0>, C4<0>;
v00000225e37a06f0_0 .net *"_ivl_0", 0 0, L_00000225e37ac4b0;  1 drivers
v00000225e379fbb0_0 .net *"_ivl_1", 0 0, L_00000225e37abc90;  1 drivers
v00000225e37a0ab0_0 .net *"_ivl_2", 0 0, L_00000225e37acd70;  1 drivers
v00000225e379f9d0_0 .net *"_ivl_3", 0 0, L_00000225e37aca50;  1 drivers
v00000225e379fc50_0 .net *"_ivl_4", 0 0, L_00000225e37ad450;  1 drivers
v00000225e37a0dd0_0 .net *"_ivl_5", 0 0, L_00000225e37accd0;  1 drivers
v00000225e379f570_0 .net "t1", 0 0, L_00000225e37a9840;  1 drivers
v00000225e379f750_0 .net "t2", 0 0, L_00000225e37b0130;  1 drivers
v00000225e37a0b50_0 .net "t3", 0 0, L_00000225e37b06e0;  1 drivers
S_00000225e37a10d0 .scope generate, "genblk1[12]" "genblk1[12]" 2 35, 2 35 0, S_00000225e352ea80;
 .timescale 0 0;
P_00000225e373c600 .param/l "i" 0 2 35, +C4<01100>;
L_00000225e37b0440 .functor XOR 1, L_00000225e37ab650, L_00000225e37ac550, C4<0>, C4<0>;
L_00000225e37b07c0 .functor XOR 1, L_00000225e37b0440, L_00000225e37abe70, C4<0>, C4<0>;
L_00000225e37aff70 .functor AND 1, L_00000225e37b0440, L_00000225e37ad1d0, C4<1>, C4<1>;
L_00000225e37b0520 .functor AND 1, L_00000225e37abd30, L_00000225e37abdd0, C4<1>, C4<1>;
L_00000225e37b0830 .functor OR 1, L_00000225e37aff70, L_00000225e37b0520, C4<0>, C4<0>;
v00000225e37a0bf0_0 .net *"_ivl_0", 0 0, L_00000225e37ab650;  1 drivers
v00000225e379f430_0 .net *"_ivl_1", 0 0, L_00000225e37ac550;  1 drivers
v00000225e37a0970_0 .net *"_ivl_2", 0 0, L_00000225e37abe70;  1 drivers
v00000225e37a0a10_0 .net *"_ivl_3", 0 0, L_00000225e37ad1d0;  1 drivers
v00000225e379fe30_0 .net *"_ivl_4", 0 0, L_00000225e37abd30;  1 drivers
v00000225e379f1b0_0 .net *"_ivl_5", 0 0, L_00000225e37abdd0;  1 drivers
v00000225e379f250_0 .net "t1", 0 0, L_00000225e37b0440;  1 drivers
v00000225e379f110_0 .net "t2", 0 0, L_00000225e37b0520;  1 drivers
v00000225e379fb10_0 .net "t3", 0 0, L_00000225e37aff70;  1 drivers
S_00000225e37a1260 .scope generate, "genblk1[13]" "genblk1[13]" 2 35, 2 35 0, S_00000225e352ea80;
 .timescale 0 0;
P_00000225e373c4c0 .param/l "i" 0 2 35, +C4<01101>;
L_00000225e37b00c0 .functor XOR 1, L_00000225e37aba10, L_00000225e37ad310, C4<0>, C4<0>;
L_00000225e37afbf0 .functor XOR 1, L_00000225e37b00c0, L_00000225e37acb90, C4<0>, C4<0>;
L_00000225e37b0750 .functor AND 1, L_00000225e37b00c0, L_00000225e37ace10, C4<1>, C4<1>;
L_00000225e37b08a0 .functor AND 1, L_00000225e37abf10, L_00000225e37ab6f0, C4<1>, C4<1>;
L_00000225e37b0050 .functor OR 1, L_00000225e37b0750, L_00000225e37b08a0, C4<0>, C4<0>;
v00000225e379f390_0 .net *"_ivl_0", 0 0, L_00000225e37aba10;  1 drivers
v00000225e37a0330_0 .net *"_ivl_1", 0 0, L_00000225e37ad310;  1 drivers
v00000225e37a0470_0 .net *"_ivl_2", 0 0, L_00000225e37acb90;  1 drivers
v00000225e379fcf0_0 .net *"_ivl_3", 0 0, L_00000225e37ace10;  1 drivers
v00000225e379f2f0_0 .net *"_ivl_4", 0 0, L_00000225e37abf10;  1 drivers
v00000225e37a0790_0 .net *"_ivl_5", 0 0, L_00000225e37ab6f0;  1 drivers
v00000225e37a0c90_0 .net "t1", 0 0, L_00000225e37b00c0;  1 drivers
v00000225e379f7f0_0 .net "t2", 0 0, L_00000225e37b08a0;  1 drivers
v00000225e37a0010_0 .net "t3", 0 0, L_00000225e37b0750;  1 drivers
S_00000225e37a15d0 .scope generate, "genblk1[14]" "genblk1[14]" 2 35, 2 35 0, S_00000225e352ea80;
 .timescale 0 0;
P_00000225e373bf80 .param/l "i" 0 2 35, +C4<01110>;
L_00000225e37b0670 .functor XOR 1, L_00000225e37aceb0, L_00000225e37abfb0, C4<0>, C4<0>;
L_00000225e37b0360 .functor XOR 1, L_00000225e37b0670, L_00000225e37ac7d0, C4<0>, C4<0>;
L_00000225e37b02f0 .functor AND 1, L_00000225e37b0670, L_00000225e37ac230, C4<1>, C4<1>;
L_00000225e37b01a0 .functor AND 1, L_00000225e37ab830, L_00000225e37acaf0, C4<1>, C4<1>;
L_00000225e37afcd0 .functor OR 1, L_00000225e37b02f0, L_00000225e37b01a0, C4<0>, C4<0>;
v00000225e37a0650_0 .net *"_ivl_0", 0 0, L_00000225e37aceb0;  1 drivers
v00000225e379fa70_0 .net *"_ivl_1", 0 0, L_00000225e37abfb0;  1 drivers
v00000225e379f4d0_0 .net *"_ivl_2", 0 0, L_00000225e37ac7d0;  1 drivers
v00000225e37a0d30_0 .net *"_ivl_3", 0 0, L_00000225e37ac230;  1 drivers
v00000225e37a0e70_0 .net *"_ivl_4", 0 0, L_00000225e37ab830;  1 drivers
v00000225e379fed0_0 .net *"_ivl_5", 0 0, L_00000225e37acaf0;  1 drivers
v00000225e379f610_0 .net "t1", 0 0, L_00000225e37b0670;  1 drivers
v00000225e37a0f10_0 .net "t2", 0 0, L_00000225e37b01a0;  1 drivers
v00000225e37a03d0_0 .net "t3", 0 0, L_00000225e37b02f0;  1 drivers
S_00000225e37a1da0 .scope generate, "genblk1[15]" "genblk1[15]" 2 35, 2 35 0, S_00000225e352ea80;
 .timescale 0 0;
P_00000225e373bc40 .param/l "i" 0 2 35, +C4<01111>;
L_00000225e37b0910 .functor XOR 1, L_00000225e37ac410, L_00000225e37ac050, C4<0>, C4<0>;
L_00000225e37b03d0 .functor XOR 1, L_00000225e37b0910, L_00000225e37acc30, C4<0>, C4<0>;
L_00000225e37b09f0 .functor AND 1, L_00000225e37b0910, L_00000225e37ac0f0, C4<1>, C4<1>;
L_00000225e37b0a60 .functor AND 1, L_00000225e37ac190, L_00000225e37ac730, C4<1>, C4<1>;
L_00000225e37b0ad0 .functor OR 1, L_00000225e37b09f0, L_00000225e37b0a60, C4<0>, C4<0>;
v00000225e379fd90_0 .net *"_ivl_0", 0 0, L_00000225e37ac410;  1 drivers
v00000225e37a01f0_0 .net *"_ivl_1", 0 0, L_00000225e37ac050;  1 drivers
v00000225e37a0fb0_0 .net *"_ivl_2", 0 0, L_00000225e37acc30;  1 drivers
v00000225e379ff70_0 .net *"_ivl_3", 0 0, L_00000225e37ac0f0;  1 drivers
v00000225e379f6b0_0 .net *"_ivl_4", 0 0, L_00000225e37ac190;  1 drivers
v00000225e37a0830_0 .net *"_ivl_5", 0 0, L_00000225e37ac730;  1 drivers
v00000225e379f890_0 .net "t1", 0 0, L_00000225e37b0910;  1 drivers
v00000225e37a0510_0 .net "t2", 0 0, L_00000225e37b0a60;  1 drivers
v00000225e37a05b0_0 .net "t3", 0 0, L_00000225e37b09f0;  1 drivers
    .scope S_00000225e352e8f0;
T_0 ;
    %vpi_call 2 66 "$monitor", $time, "sum=%b, c_out=%b", v00000225e37a2f90_0, v00000225e37a4110_0 {0 0 0};
    %pushi/vec4 4369, 0, 16;
    %store/vec4 v00000225e37a3030_0, 0, 16;
    %pushi/vec4 4369, 0, 16;
    %store/vec4 v00000225e37a3350_0, 0, 16;
    %delay 10, 0;
    %vpi_call 2 70 "$finish" {0 0 0};
    %end;
    .thread T_0;
# The file index is used to find the file name in the following table.
:file_names 3;
    "N/A";
    "<interactive>";
    "ripple_adder.v";
