#! /c/Source/iverilog-install/bin/vvp
:ivl_version "12.0 (devel)" "(s20150603-1110-g18392a46)";
:ivl_delay_selection "TYPICAL";
:vpi_time_precision + 0;
:vpi_module "C:\iverilog\lib\ivl\system.vpi";
:vpi_module "C:\iverilog\lib\ivl\vhdl_sys.vpi";
:vpi_module "C:\iverilog\lib\ivl\vhdl_textio.vpi";
:vpi_module "C:\iverilog\lib\ivl\v2005_math.vpi";
:vpi_module "C:\iverilog\lib\ivl\va_math.vpi";
S_000001bc81d2bc80 .scope module, "testbench" "testbench" 2 44;
 .timescale 0 0;
v000001bc81d2cbc0_0 .var "clk", 0 0;
v000001bc81d2cc60_0 .var "x", 0 0;
v000001bc81d2cd00_0 .net "z", 0 0, v000001bc81d2cb20_0;  1 drivers
S_000001bc81d2be10 .scope module, "s1" "seq_dec" 2 50, 2 1 0, S_000001bc81d2bc80;
 .timescale 0 0;
    .port_info 0 /INPUT 1 "clock";
    .port_info 1 /INPUT 1 "x";
    .port_info 2 /OUTPUT 1 "z";
P_000001bc81d2c8f0 .param/l "s0" 0 2 9, C4<1>;
P_000001bc81d2c928 .param/l "s1" 0 2 9, C4<0>;
P_000001bc81d2c960 .param/l "s2" 0 2 9, C4<01>;
P_000001bc81d2c998 .param/l "s3" 0 2 9, C4<011>;
v000001bc81d2c9e0_0 .net "clock", 0 0, v000001bc81d2cbc0_0;  1 drivers
v000001bc81d26f70_0 .var "state", 0 2;
v000001bc81d2ca80_0 .net "x", 0 0, v000001bc81d2cc60_0;  1 drivers
v000001bc81d2cb20_0 .var "z", 0 0;
E_000001bc81d78c40 .event anyedge, v000001bc81d26f70_0;
E_000001bc81d78d40 .event posedge, v000001bc81d2c9e0_0;
    .scope S_000001bc81d2be10;
T_0 ;
    %wait E_000001bc81d78d40;
    %load/vec4 v000001bc81d26f70_0;
    %dup/vec4;
    %pushi/vec4 1, 0, 3;
    %cmp/u;
    %jmp/1 T_0.0, 6;
    %dup/vec4;
    %pushi/vec4 0, 0, 3;
    %cmp/u;
    %jmp/1 T_0.1, 6;
    %dup/vec4;
    %pushi/vec4 1, 0, 3;
    %cmp/u;
    %jmp/1 T_0.2, 6;
    %dup/vec4;
    %pushi/vec4 3, 0, 3;
    %cmp/u;
    %jmp/1 T_0.3, 6;
    %pushi/vec4 1, 0, 3;
    %assign/vec4 v000001bc81d26f70_0, 0;
    %jmp T_0.5;
T_0.0 ;
    %load/vec4 v000001bc81d2ca80_0;
    %flag_set/vec4 8;
    %jmp/0 T_0.6, 8;
    %pushi/vec4 1, 0, 3;
    %jmp/1 T_0.7, 8;
T_0.6 ; End of true expr.
    %pushi/vec4 0, 0, 3;
    %jmp/0 T_0.7, 8;
 ; End of false expr.
    %blend;
T_0.7;
    %assign/vec4 v000001bc81d26f70_0, 0;
    %jmp T_0.5;
T_0.1 ;
    %load/vec4 v000001bc81d2ca80_0;
    %flag_set/vec4 8;
    %jmp/0 T_0.8, 8;
    %pushi/vec4 1, 0, 3;
    %jmp/1 T_0.9, 8;
T_0.8 ; End of true expr.
    %pushi/vec4 0, 0, 3;
    %jmp/0 T_0.9, 8;
 ; End of false expr.
    %blend;
T_0.9;
    %assign/vec4 v000001bc81d26f70_0, 0;
    %jmp T_0.5;
T_0.2 ;
    %load/vec4 v000001bc81d2ca80_0;
    %flag_set/vec4 8;
    %jmp/0 T_0.10, 8;
    %pushi/vec4 3, 0, 3;
    %jmp/1 T_0.11, 8;
T_0.10 ; End of true expr.
    %pushi/vec4 0, 0, 3;
    %jmp/0 T_0.11, 8;
 ; End of false expr.
    %blend;
T_0.11;
    %assign/vec4 v000001bc81d26f70_0, 0;
    %jmp T_0.5;
T_0.3 ;
    %load/vec4 v000001bc81d2ca80_0;
    %flag_set/vec4 8;
    %jmp/0 T_0.12, 8;
    %pushi/vec4 1, 0, 3;
    %jmp/1 T_0.13, 8;
T_0.12 ; End of true expr.
    %pushi/vec4 0, 0, 3;
    %jmp/0 T_0.13, 8;
 ; End of false expr.
    %blend;
T_0.13;
    %assign/vec4 v000001bc81d26f70_0, 0;
    %jmp T_0.5;
T_0.5 ;
    %pop/vec4 1;
    %jmp T_0;
    .thread T_0;
    .scope S_000001bc81d2be10;
T_1 ;
    %wait E_000001bc81d78c40;
    %load/vec4 v000001bc81d26f70_0;
    %dup/vec4;
    %pushi/vec4 3, 0, 3;
    %cmp/u;
    %jmp/1 T_1.0, 6;
    %pushi/vec4 0, 0, 1;
    %store/vec4 v000001bc81d2cb20_0, 0, 1;
    %jmp T_1.2;
T_1.0 ;
    %load/vec4 v000001bc81d2ca80_0;
    %flag_set/vec4 8;
    %jmp/0 T_1.3, 8;
    %pushi/vec4 0, 0, 2;
    %jmp/1 T_1.4, 8;
T_1.3 ; End of true expr.
    %pushi/vec4 1, 0, 2;
    %jmp/0 T_1.4, 8;
 ; End of false expr.
    %blend;
T_1.4;
    %pad/s 1;
    %store/vec4 v000001bc81d2cb20_0, 0, 1;
    %jmp T_1.2;
T_1.2 ;
    %pop/vec4 1;
    %jmp T_1;
    .thread T_1, $push;
    .scope S_000001bc81d2bc80;
T_2 ;
    %pushi/vec4 0, 0, 1;
    %store/vec4 v000001bc81d2cbc0_0, 0, 1;
    %pushi/vec4 0, 0, 1;
    %store/vec4 v000001bc81d2cc60_0, 0, 1;
    %end;
    .thread T_2;
    .scope S_000001bc81d2bc80;
T_3 ;
    %delay 5, 0;
    %load/vec4 v000001bc81d2cbc0_0;
    %inv;
    %store/vec4 v000001bc81d2cbc0_0, 0, 1;
    %jmp T_3;
    .thread T_3;
    .scope S_000001bc81d2bc80;
T_4 ;
    %delay 12, 0;
    %pushi/vec4 0, 0, 1;
    %store/vec4 v000001bc81d2cc60_0, 0, 1;
    %delay 10, 0;
    %pushi/vec4 0, 0, 1;
    %store/vec4 v000001bc81d2cc60_0, 0, 1;
    %delay 10, 0;
    %pushi/vec4 1, 0, 1;
    %store/vec4 v000001bc81d2cc60_0, 0, 1;
    %delay 10, 0;
    %pushi/vec4 1, 0, 1;
    %store/vec4 v000001bc81d2cc60_0, 0, 1;
    %delay 10, 0;
    %pushi/vec4 0, 0, 1;
    %store/vec4 v000001bc81d2cc60_0, 0, 1;
    %delay 10, 0;
    %pushi/vec4 0, 0, 1;
    %store/vec4 v000001bc81d2cc60_0, 0, 1;
    %delay 10, 0;
    %pushi/vec4 1, 0, 1;
    %store/vec4 v000001bc81d2cc60_0, 0, 1;
    %end;
    .thread T_4;
    .scope S_000001bc81d2bc80;
T_5 ;
    %vpi_call 2 79 "$monitor", $time, "x=%b, z=%b,clk=%b", v000001bc81d2cc60_0, v000001bc81d2cd00_0, v000001bc81d2cbc0_0 {0 0 0};
    %vpi_call 2 80 "$dumpfile", "0110.vcd" {0 0 0};
    %vpi_call 2 81 "$dumpvars", 32'sb00000000000000000000000000000000, S_000001bc81d2bc80 {0 0 0};
    %delay 105, 0;
    %vpi_call 2 83 "$finish" {0 0 0};
    %end;
    .thread T_5;
# The file index is used to find the file name in the following table.
:file_names 3;
    "N/A";
    "<interactive>";
    "0110_seq_detector.v";
