#! /c/Source/iverilog-install/bin/vvp
:ivl_version "12.0 (devel)" "(s20150603-1110-g18392a46)";
:ivl_delay_selection "TYPICAL";
:vpi_time_precision + 0;
:vpi_module "C:\iverilog\lib\ivl\system.vpi";
:vpi_module "C:\iverilog\lib\ivl\vhdl_sys.vpi";
:vpi_module "C:\iverilog\lib\ivl\vhdl_textio.vpi";
:vpi_module "C:\iverilog\lib\ivl\v2005_math.vpi";
:vpi_module "C:\iverilog\lib\ivl\va_math.vpi";
S_000002be63475c70 .scope module, "testbench" "testbench" 2 23;
 .timescale 0 0;
v000002be634d5470_0 .net "out", 15 0, L_000002be634d6e10;  1 drivers
v000002be634d5830_0 .var "x", 15 0;
v000002be634d5970_0 .var "y", 15 0;
S_000002be63475e00 .scope module, "g1" "gen_blok" 2 29, 2 2 0, S_000002be63475c70;
 .timescale 0 0;
    .port_info 0 /OUTPUT 16 "f";
    .port_info 1 /INPUT 16 "a";
    .port_info 2 /INPUT 16 "b";
P_000002be6346dc20 .param/l "N" 0 2 4, +C4<00000000000000000000000000010000>;
v000002be63477810_0 .net *"_ivl_0", 0 0, L_000002be63479620;  1 drivers
v000002be6346c350_0 .net *"_ivl_12", 0 0, L_000002be63479540;  1 drivers
v000002be6346c8f0_0 .net *"_ivl_16", 0 0, L_000002be634794d0;  1 drivers
v000002be6346ce90_0 .net *"_ivl_20", 0 0, L_000002be63479150;  1 drivers
v000002be6346c3f0_0 .net *"_ivl_24", 0 0, L_000002be63479700;  1 drivers
v000002be6346c490_0 .net *"_ivl_28", 0 0, L_000002be63479070;  1 drivers
v000002be6346c530_0 .net *"_ivl_32", 0 0, L_000002be63479690;  1 drivers
v000002be634d6a50_0 .net *"_ivl_36", 0 0, L_000002be63479000;  1 drivers
v000002be634d58d0_0 .net *"_ivl_4", 0 0, L_000002be63479460;  1 drivers
v000002be634d55b0_0 .net *"_ivl_40", 0 0, L_000002be634791c0;  1 drivers
v000002be634d5b50_0 .net *"_ivl_44", 0 0, L_000002be634d8a40;  1 drivers
v000002be634d5790_0 .net *"_ivl_48", 0 0, L_000002be634d8730;  1 drivers
v000002be634d67d0_0 .net *"_ivl_52", 0 0, L_000002be634d8ab0;  1 drivers
v000002be634d6f50_0 .net *"_ivl_56", 0 0, L_000002be634d8c00;  1 drivers
v000002be634d5f10_0 .net *"_ivl_60", 0 0, L_000002be634d89d0;  1 drivers
v000002be634d6c30_0 .net *"_ivl_8", 0 0, L_000002be634790e0;  1 drivers
v000002be634d53d0_0 .net "a", 15 0, v000002be634d5830_0;  1 drivers
v000002be634d6af0_0 .net "b", 15 0, v000002be634d5970_0;  1 drivers
v000002be634d6b90_0 .net "f", 15 0, L_000002be634d6e10;  alias, 1 drivers
L_000002be634d6870 .part v000002be634d5830_0, 0, 1;
L_000002be634d5330 .part v000002be634d5970_0, 0, 1;
L_000002be634d6190 .part v000002be634d5830_0, 1, 1;
L_000002be634d5510 .part v000002be634d5970_0, 1, 1;
L_000002be634d6cd0 .part v000002be634d5830_0, 2, 1;
L_000002be634d5a10 .part v000002be634d5970_0, 2, 1;
L_000002be634d6690 .part v000002be634d5830_0, 3, 1;
L_000002be634d6370 .part v000002be634d5970_0, 3, 1;
L_000002be634d6eb0 .part v000002be634d5830_0, 4, 1;
L_000002be634d5c90 .part v000002be634d5970_0, 4, 1;
L_000002be634d5dd0 .part v000002be634d5830_0, 5, 1;
L_000002be634d6730 .part v000002be634d5970_0, 5, 1;
L_000002be634d6410 .part v000002be634d5830_0, 6, 1;
L_000002be634d5650 .part v000002be634d5970_0, 6, 1;
L_000002be634d5ab0 .part v000002be634d5830_0, 7, 1;
L_000002be634d71d0 .part v000002be634d5970_0, 7, 1;
L_000002be634d65f0 .part v000002be634d5830_0, 8, 1;
L_000002be634d6550 .part v000002be634d5970_0, 8, 1;
L_000002be634d56f0 .part v000002be634d5830_0, 9, 1;
L_000002be634d5bf0 .part v000002be634d5970_0, 9, 1;
L_000002be634d5d30 .part v000002be634d5830_0, 10, 1;
L_000002be634d5e70 .part v000002be634d5970_0, 10, 1;
L_000002be634d5fb0 .part v000002be634d5830_0, 11, 1;
L_000002be634d64b0 .part v000002be634d5970_0, 11, 1;
L_000002be634d6910 .part v000002be634d5830_0, 12, 1;
L_000002be634d69b0 .part v000002be634d5970_0, 12, 1;
L_000002be634d6050 .part v000002be634d5830_0, 13, 1;
L_000002be634d60f0 .part v000002be634d5970_0, 13, 1;
L_000002be634d6230 .part v000002be634d5830_0, 14, 1;
L_000002be634d6d70 .part v000002be634d5970_0, 14, 1;
LS_000002be634d6e10_0_0 .concat8 [ 1 1 1 1], L_000002be63479620, L_000002be63479460, L_000002be634790e0, L_000002be63479540;
LS_000002be634d6e10_0_4 .concat8 [ 1 1 1 1], L_000002be634794d0, L_000002be63479150, L_000002be63479700, L_000002be63479070;
LS_000002be634d6e10_0_8 .concat8 [ 1 1 1 1], L_000002be63479690, L_000002be63479000, L_000002be634791c0, L_000002be634d8a40;
LS_000002be634d6e10_0_12 .concat8 [ 1 1 1 1], L_000002be634d8730, L_000002be634d8ab0, L_000002be634d8c00, L_000002be634d89d0;
L_000002be634d6e10 .concat8 [ 4 4 4 4], LS_000002be634d6e10_0_0, LS_000002be634d6e10_0_4, LS_000002be634d6e10_0_8, LS_000002be634d6e10_0_12;
L_000002be634d6ff0 .part v000002be634d5830_0, 15, 1;
L_000002be634d62d0 .part v000002be634d5970_0, 15, 1;
S_000002be63475f90 .scope generate, "genblk1[0]" "genblk1[0]" 2 11, 2 11 0, S_000002be63475e00;
 .timescale 0 0;
P_000002be6346e120 .param/l "p" 0 2 11, +C4<00>;
L_000002be63479620 .functor XOR 1, L_000002be634d6870, L_000002be634d5330, C4<0>, C4<0>;
v000002be634780d0_0 .net *"_ivl_0", 0 0, L_000002be634d6870;  1 drivers
v000002be63478170_0 .net *"_ivl_1", 0 0, L_000002be634d5330;  1 drivers
S_000002be634d18d0 .scope generate, "genblk1[1]" "genblk1[1]" 2 11, 2 11 0, S_000002be63475e00;
 .timescale 0 0;
P_000002be6346e5a0 .param/l "p" 0 2 11, +C4<01>;
L_000002be63479460 .functor XOR 1, L_000002be634d6190, L_000002be634d5510, C4<0>, C4<0>;
v000002be63478210_0 .net *"_ivl_0", 0 0, L_000002be634d6190;  1 drivers
v000002be63478cb0_0 .net *"_ivl_1", 0 0, L_000002be634d5510;  1 drivers
S_000002be634d1a60 .scope generate, "genblk1[2]" "genblk1[2]" 2 11, 2 11 0, S_000002be63475e00;
 .timescale 0 0;
P_000002be6346e520 .param/l "p" 0 2 11, +C4<010>;
L_000002be634790e0 .functor XOR 1, L_000002be634d6cd0, L_000002be634d5a10, C4<0>, C4<0>;
v000002be634782b0_0 .net *"_ivl_0", 0 0, L_000002be634d6cd0;  1 drivers
v000002be63478710_0 .net *"_ivl_1", 0 0, L_000002be634d5a10;  1 drivers
S_000002be634d1bf0 .scope generate, "genblk1[3]" "genblk1[3]" 2 11, 2 11 0, S_000002be63475e00;
 .timescale 0 0;
P_000002be6346dca0 .param/l "p" 0 2 11, +C4<011>;
L_000002be63479540 .functor XOR 1, L_000002be634d6690, L_000002be634d6370, C4<0>, C4<0>;
v000002be63478a30_0 .net *"_ivl_0", 0 0, L_000002be634d6690;  1 drivers
v000002be63477590_0 .net *"_ivl_1", 0 0, L_000002be634d6370;  1 drivers
S_000002be634d1d80 .scope generate, "genblk1[4]" "genblk1[4]" 2 11, 2 11 0, S_000002be63475e00;
 .timescale 0 0;
P_000002be6346d9a0 .param/l "p" 0 2 11, +C4<0100>;
L_000002be634794d0 .functor XOR 1, L_000002be634d6eb0, L_000002be634d5c90, C4<0>, C4<0>;
v000002be63478990_0 .net *"_ivl_0", 0 0, L_000002be634d6eb0;  1 drivers
v000002be63478490_0 .net *"_ivl_1", 0 0, L_000002be634d5c90;  1 drivers
S_000002be634d2f20 .scope generate, "genblk1[5]" "genblk1[5]" 2 11, 2 11 0, S_000002be63475e00;
 .timescale 0 0;
P_000002be6346dce0 .param/l "p" 0 2 11, +C4<0101>;
L_000002be63479150 .functor XOR 1, L_000002be634d5dd0, L_000002be634d6730, C4<0>, C4<0>;
v000002be63477130_0 .net *"_ivl_0", 0 0, L_000002be634d5dd0;  1 drivers
v000002be63478ad0_0 .net *"_ivl_1", 0 0, L_000002be634d6730;  1 drivers
S_000002be634d30b0 .scope generate, "genblk1[6]" "genblk1[6]" 2 11, 2 11 0, S_000002be63475e00;
 .timescale 0 0;
P_000002be6346e160 .param/l "p" 0 2 11, +C4<0110>;
L_000002be63479700 .functor XOR 1, L_000002be634d6410, L_000002be634d5650, C4<0>, C4<0>;
v000002be63478b70_0 .net *"_ivl_0", 0 0, L_000002be634d6410;  1 drivers
v000002be634778b0_0 .net *"_ivl_1", 0 0, L_000002be634d5650;  1 drivers
S_000002be634d3240 .scope generate, "genblk1[7]" "genblk1[7]" 2 11, 2 11 0, S_000002be63475e00;
 .timescale 0 0;
P_000002be6346dde0 .param/l "p" 0 2 11, +C4<0111>;
L_000002be63479070 .functor XOR 1, L_000002be634d5ab0, L_000002be634d71d0, C4<0>, C4<0>;
v000002be63477bd0_0 .net *"_ivl_0", 0 0, L_000002be634d5ab0;  1 drivers
v000002be634785d0_0 .net *"_ivl_1", 0 0, L_000002be634d71d0;  1 drivers
S_000002be634d33d0 .scope generate, "genblk1[8]" "genblk1[8]" 2 11, 2 11 0, S_000002be63475e00;
 .timescale 0 0;
P_000002be6346e320 .param/l "p" 0 2 11, +C4<01000>;
L_000002be63479690 .functor XOR 1, L_000002be634d65f0, L_000002be634d6550, C4<0>, C4<0>;
v000002be634787b0_0 .net *"_ivl_0", 0 0, L_000002be634d65f0;  1 drivers
v000002be63476ff0_0 .net *"_ivl_1", 0 0, L_000002be634d6550;  1 drivers
S_000002be634d3560 .scope generate, "genblk1[9]" "genblk1[9]" 2 11, 2 11 0, S_000002be63475e00;
 .timescale 0 0;
P_000002be6346de20 .param/l "p" 0 2 11, +C4<01001>;
L_000002be63479000 .functor XOR 1, L_000002be634d56f0, L_000002be634d5bf0, C4<0>, C4<0>;
v000002be63477310_0 .net *"_ivl_0", 0 0, L_000002be634d56f0;  1 drivers
v000002be63477d10_0 .net *"_ivl_1", 0 0, L_000002be634d5bf0;  1 drivers
S_000002be634d36f0 .scope generate, "genblk1[10]" "genblk1[10]" 2 11, 2 11 0, S_000002be63475e00;
 .timescale 0 0;
P_000002be6346de60 .param/l "p" 0 2 11, +C4<01010>;
L_000002be634791c0 .functor XOR 1, L_000002be634d5d30, L_000002be634d5e70, C4<0>, C4<0>;
v000002be63478350_0 .net *"_ivl_0", 0 0, L_000002be634d5d30;  1 drivers
v000002be634776d0_0 .net *"_ivl_1", 0 0, L_000002be634d5e70;  1 drivers
S_000002be634d3880 .scope generate, "genblk1[11]" "genblk1[11]" 2 11, 2 11 0, S_000002be63475e00;
 .timescale 0 0;
P_000002be6346e4e0 .param/l "p" 0 2 11, +C4<01011>;
L_000002be634d8a40 .functor XOR 1, L_000002be634d5fb0, L_000002be634d64b0, C4<0>, C4<0>;
v000002be63478670_0 .net *"_ivl_0", 0 0, L_000002be634d5fb0;  1 drivers
v000002be63478e90_0 .net *"_ivl_1", 0 0, L_000002be634d64b0;  1 drivers
S_000002be634d3e20 .scope generate, "genblk1[12]" "genblk1[12]" 2 11, 2 11 0, S_000002be63475e00;
 .timescale 0 0;
P_000002be6346e3e0 .param/l "p" 0 2 11, +C4<01100>;
L_000002be634d8730 .functor XOR 1, L_000002be634d6910, L_000002be634d69b0, C4<0>, C4<0>;
v000002be63478530_0 .net *"_ivl_0", 0 0, L_000002be634d6910;  1 drivers
v000002be63478850_0 .net *"_ivl_1", 0 0, L_000002be634d69b0;  1 drivers
S_000002be634d3fb0 .scope generate, "genblk1[13]" "genblk1[13]" 2 11, 2 11 0, S_000002be63475e00;
 .timescale 0 0;
P_000002be6346dea0 .param/l "p" 0 2 11, +C4<01101>;
L_000002be634d8ab0 .functor XOR 1, L_000002be634d6050, L_000002be634d60f0, C4<0>, C4<0>;
v000002be634773b0_0 .net *"_ivl_0", 0 0, L_000002be634d6050;  1 drivers
v000002be63477090_0 .net *"_ivl_1", 0 0, L_000002be634d60f0;  1 drivers
S_000002be634d4140 .scope generate, "genblk1[14]" "genblk1[14]" 2 11, 2 11 0, S_000002be63475e00;
 .timescale 0 0;
P_000002be6346df20 .param/l "p" 0 2 11, +C4<01110>;
L_000002be634d8c00 .functor XOR 1, L_000002be634d6230, L_000002be634d6d70, C4<0>, C4<0>;
v000002be634783f0_0 .net *"_ivl_0", 0 0, L_000002be634d6230;  1 drivers
v000002be634771d0_0 .net *"_ivl_1", 0 0, L_000002be634d6d70;  1 drivers
S_000002be634d4640 .scope generate, "genblk1[15]" "genblk1[15]" 2 11, 2 11 0, S_000002be63475e00;
 .timescale 0 0;
P_000002be6346e260 .param/l "p" 0 2 11, +C4<01111>;
L_000002be634d89d0 .functor XOR 1, L_000002be634d6ff0, L_000002be634d62d0, C4<0>, C4<0>;
v000002be63477630_0 .net *"_ivl_0", 0 0, L_000002be634d6ff0;  1 drivers
v000002be63477770_0 .net *"_ivl_1", 0 0, L_000002be634d62d0;  1 drivers
    .scope S_000002be63475c70;
T_0 ;
    %vpi_call 2 35 "$monitor", $time, "out=%b,x=%b,y=%b", v000002be634d5470_0, v000002be634d5830_0, v000002be634d5970_0 {0 0 0};
    %pushi/vec4 0, 0, 16;
    %store/vec4 v000002be634d5830_0, 0, 16;
    %pushi/vec4 0, 0, 16;
    %store/vec4 v000002be634d5970_0, 0, 16;
    %delay 10, 0;
    %pushi/vec4 0, 0, 16;
    %store/vec4 v000002be634d5830_0, 0, 16;
    %pushi/vec4 4369, 0, 16;
    %store/vec4 v000002be634d5970_0, 0, 16;
    %delay 10, 0;
    %pushi/vec4 65535, 0, 16;
    %store/vec4 v000002be634d5830_0, 0, 16;
    %pushi/vec4 3549, 0, 16;
    %store/vec4 v000002be634d5970_0, 0, 16;
    %delay 10, 0;
    %vpi_call 2 41 "$finish" {0 0 0};
    %end;
    .thread T_0;
# The file index is used to find the file name in the following table.
:file_names 3;
    "N/A";
    "<interactive>";
    "generate_blocks.v";
