#! /c/Source/iverilog-install/bin/vvp
:ivl_version "12.0 (devel)" "(s20150603-1110-g18392a46)";
:ivl_delay_selection "TYPICAL";
:vpi_time_precision + 0;
:vpi_module "C:\iverilog\lib\ivl\system.vpi";
:vpi_module "C:\iverilog\lib\ivl\vhdl_sys.vpi";
:vpi_module "C:\iverilog\lib\ivl\vhdl_textio.vpi";
:vpi_module "C:\iverilog\lib\ivl\v2005_math.vpi";
:vpi_module "C:\iverilog\lib\ivl\va_math.vpi";
S_000001779d886c60 .scope module, "up_down" "up_down" 2 1;
 .timescale 0 0;
    .port_info 0 /INPUT 8 "d_in";
    .port_info 1 /INPUT 1 "clock";
    .port_info 2 /INPUT 1 "clr";
    .port_info 3 /INPUT 1 "mode";
    .port_info 4 /OUTPUT 8 "count";
    .port_info 5 /INPUT 1 "ld";
o000001779d736f98 .functor BUFZ 1, C4<z>; HiZ drive
v000001779d886e60_0 .net "clock", 0 0, o000001779d736f98;  0 drivers
o000001779d736fc8 .functor BUFZ 1, C4<z>; HiZ drive
v000001779d886f00_0 .net "clr", 0 0, o000001779d736fc8;  0 drivers
v000001779d886fa0_0 .var "count", 7 0;
o000001779d737028 .functor BUFZ 8, C4<zzzzzzzz>; HiZ drive
v000001779d88ecb0_0 .net "d_in", 7 0, o000001779d737028;  0 drivers
o000001779d737058 .functor BUFZ 1, C4<z>; HiZ drive
v000001779d88ed50_0 .net "ld", 0 0, o000001779d737058;  0 drivers
o000001779d737088 .functor BUFZ 1, C4<z>; HiZ drive
v000001779d88edf0_0 .net "mode", 0 0, o000001779d737088;  0 drivers
E_000001779d88c630 .event posedge, v000001779d886e60_0;
    .scope S_000001779d886c60;
T_0 ;
    %wait E_000001779d88c630;
    %load/vec4 v000001779d88edf0_0;
    %flag_set/vec4 8;
    %jmp/0xz  T_0.0, 8;
    %load/vec4 v000001779d886fa0_0;
    %addi 1, 0, 8;
    %store/vec4 v000001779d886fa0_0, 0, 8;
    %jmp T_0.1;
T_0.0 ;
    %load/vec4 v000001779d88ed50_0;
    %flag_set/vec4 8;
    %jmp/0xz  T_0.2, 8;
    %load/vec4 v000001779d88ecb0_0;
    %store/vec4 v000001779d886fa0_0, 0, 8;
    %jmp T_0.3;
T_0.2 ;
    %load/vec4 v000001779d886f00_0;
    %flag_set/vec4 8;
    %jmp/0xz  T_0.4, 8;
    %pushi/vec4 0, 0, 8;
    %store/vec4 v000001779d886fa0_0, 0, 8;
    %jmp T_0.5;
T_0.4 ;
    %load/vec4 v000001779d886fa0_0;
    %subi 1, 0, 8;
    %store/vec4 v000001779d886fa0_0, 0, 8;
T_0.5 ;
T_0.3 ;
T_0.1 ;
    %jmp T_0;
    .thread T_0;
# The file index is used to find the file name in the following table.
:file_names 3;
    "N/A";
    "<interactive>";
    "up_down_count.v";
